Copyright 1986-2022 Xilinx, Inc. All Rights Reserved. Copyright 2022-2025 Advanced Micro Devices, Inc. All Rights Reserved.
--------------------------------------------------------------------------------------------------------------------------------------------------------------------------------------------------------------------------------------
| Tool Version      : Vivado v.2025.2 (win64) Build 6299465 Fri Nov 14 19:35:11 GMT 2025
| Date              : Fri Mar  6 01:49:05 2026
| Host              : N166A running 64-bit major release  (build 9200)
| Command           : report_timing_summary -max_paths 10 -routable_nets -report_unconstrained -file RGB2YUV_timing_summary_routed.rpt -pb RGB2YUV_timing_summary_routed.pb -rpx RGB2YUV_timing_summary_routed.rpx -warn_on_violation
| Design            : RGB2YUV
| Device            : xck26-sfvc784
| Speed File        : -2LV  PRODUCTION 1.30 05-15-2022
| Design State      : Routed
| Temperature Grade : C
--------------------------------------------------------------------------------------------------------------------------------------------------------------------------------------------------------------------------------------

Timing Summary Report

------------------------------------------------------------------------------------------------
| Timer Settings
| --------------
------------------------------------------------------------------------------------------------

  Enable Multi Corner Analysis               :  Yes
  Enable Pessimism Removal                   :  Yes
  Pessimism Removal Resolution               :  Nearest Common Node
  Enable Input Delay Default Clock           :  No
  Enable Preset / Clear Arcs                 :  No
  Disable Flight Delays                      :  No
  Ignore I/O Paths                           :  No
  Timing Early Launch at Borrowing Latches   :  No
  Borrow Time for Max Delay Exceptions       :  Yes
  Merge Timing Exceptions                    :  Yes
  Inter-SLR Compensation                     :  Conservative

  Corner  Analyze    Analyze    
  Name    Max Paths  Min Paths  
  ------  ---------  ---------  
  Slow    Yes        Yes        
  Fast    Yes        Yes        


------------------------------------------------------------------------------------------------
| Report Methodology
| ------------------
------------------------------------------------------------------------------------------------

Rule       Severity          Description                  Violations  
---------  ----------------  ---------------------------  ----------  
TIMING-17  Critical Warning  Non-clocked sequential cell  209         

Note: This report is based on the most recent report_methodology run and may not be up-to-date. Run report_methodology on the current design for the latest report.



check_timing report

Table of Contents
-----------------
1. checking no_clock (209)
2. checking constant_clock (0)
3. checking pulse_width_clock (0)
4. checking unconstrained_internal_endpoints (627)
5. checking no_input_delay (27)
6. checking no_output_delay (26)
7. checking multiple_clock (0)
8. checking generated_clocks (0)
9. checking loops (0)
10. checking partial_input_delay (0)
11. checking partial_output_delay (0)
12. checking latch_loops (0)

1. checking no_clock (209)
--------------------------
 There are 209 register/latch pins with no clock driven by root clock pin: clk (HIGH)


2. checking constant_clock (0)
------------------------------
 There are 0 register/latch pins with constant_clock.


3. checking pulse_width_clock (0)
---------------------------------
 There are 0 register/latch pins which need pulse_width check


4. checking unconstrained_internal_endpoints (627)
--------------------------------------------------
 There are 627 pins that are not constrained for maximum delay. (HIGH)

 There are 0 pins that are not constrained for maximum delay due to constant clock.


5. checking no_input_delay (27)
-------------------------------
 There are 27 input ports with no input delay specified. (HIGH)

 There are 0 input ports with no input delay but user has a false path constraint.


6. checking no_output_delay (26)
--------------------------------
 There are 26 ports with no output delay specified. (HIGH)

 There are 0 ports with no output delay but user has a false path constraint

 There are 0 ports with no output delay but with a timing clock defined on it or propagating through it


7. checking multiple_clock (0)
------------------------------
 There are 0 register/latch pins with multiple clocks.


8. checking generated_clocks (0)
--------------------------------
 There are 0 generated clocks that are not connected to a clock source.


9. checking loops (0)
---------------------
 There are 0 combinational loops in the design.


10. checking partial_input_delay (0)
------------------------------------
 There are 0 input ports with partial input delay specified.


11. checking partial_output_delay (0)
-------------------------------------
 There are 0 ports with partial output delay specified.


12. checking latch_loops (0)
----------------------------
 There are 0 combinational latch loops in the design through latch input



------------------------------------------------------------------------------------------------
| Design Timing Summary
| ---------------------
------------------------------------------------------------------------------------------------

    WNS(ns)      TNS(ns)  TNS Failing Endpoints  TNS Total Endpoints      WHS(ns)      THS(ns)  THS Failing Endpoints  THS Total Endpoints     WPWS(ns)     TPWS(ns)  TPWS Failing Endpoints  TPWS Total Endpoints  
    -------      -------  ---------------------  -------------------      -------      -------  ---------------------  -------------------     --------     --------  ----------------------  --------------------  
        inf        0.000                      0                  444          inf        0.000                      0                  444           NA           NA                      NA                    NA  


There are no user specified timing constraints.


------------------------------------------------------------------------------------------------
| Clock Summary
| -------------
------------------------------------------------------------------------------------------------


------------------------------------------------------------------------------------------------
| Intra Clock Table
| -----------------
------------------------------------------------------------------------------------------------

Clock             WNS(ns)      TNS(ns)  TNS Failing Endpoints  TNS Total Endpoints      WHS(ns)      THS(ns)  THS Failing Endpoints  THS Total Endpoints     WPWS(ns)     TPWS(ns)  TPWS Failing Endpoints  TPWS Total Endpoints  
-----             -------      -------  ---------------------  -------------------      -------      -------  ---------------------  -------------------     --------     --------  ----------------------  --------------------  


------------------------------------------------------------------------------------------------
| Inter Clock Table
| -----------------
------------------------------------------------------------------------------------------------

From Clock    To Clock          WNS(ns)      TNS(ns)  TNS Failing Endpoints  TNS Total Endpoints      WHS(ns)      THS(ns)  THS Failing Endpoints  THS Total Endpoints  
----------    --------          -------      -------  ---------------------  -------------------      -------      -------  ---------------------  -------------------  


------------------------------------------------------------------------------------------------
| Other Path Groups Table
| -----------------------
------------------------------------------------------------------------------------------------

Path Group    From Clock    To Clock          WNS(ns)      TNS(ns)  TNS Failing Endpoints  TNS Total Endpoints      WHS(ns)      THS(ns)  THS Failing Endpoints  THS Total Endpoints  
----------    ----------    --------          -------      -------  ---------------------  -------------------      -------      -------  ---------------------  -------------------  


------------------------------------------------------------------------------------------------
| User Ignored Path Table
| -----------------------
------------------------------------------------------------------------------------------------

Path Group    From Clock    To Clock    
----------    ----------    --------    


------------------------------------------------------------------------------------------------
| Unconstrained Path Table
| ------------------------
------------------------------------------------------------------------------------------------

Path Group    From Clock    To Clock    
----------    ----------    --------    
(none)                                    


------------------------------------------------------------------------------------------------
| Timing Details
| --------------
------------------------------------------------------------------------------------------------


--------------------------------------------------------------------------------------
Path Group:  (none)
From Clock:  
  To Clock:  

Max Delay           444 Endpoints
Min Delay           444 Endpoints
--------------------------------------------------------------------------------------


Max Delay Paths
--------------------------------------------------------------------------------------
Slack:                    inf
  Source:                 rgb_in[9]
                            (input port)
  Destination:            ug_mult_reg[7]/D
  Path Group:             (none)
  Path Type:              Max at Slow Process Corner
  Data Path Delay:        5.394ns  (logic 1.479ns (27.429%)  route 3.914ns (72.571%))
  Logic Levels:           8  (CARRY8=2 IBUFCTRL=1 INBUF=1 LUT4=1 LUT5=1 LUT6=2)

    Location             Delay type                Incr(ns)  Path(ns)    Netlist Resource(s)
  -------------------------------------------------------------------    -------------------
    J4                                                0.000     0.000 r  rgb_in[9] (IN)
                         net (fo=0)                   0.000     0.000    rgb_in_IBUF[9]_inst/I
    J4                   INBUF (Prop_INBUF_HPIOB_S_PAD_O)
                                                      0.516     0.516 r  rgb_in_IBUF[9]_inst/INBUF_INST/O
                         net (fo=1, routed)           0.000     0.516    rgb_in_IBUF[9]_inst/OUT
    J4                   IBUFCTRL (Prop_IBUFCTRL_HPIOB_S_I_O)
                                                      0.000     0.516 r  rgb_in_IBUF[9]_inst/IBUFCTRL_INST/O
                         net (fo=56, routed)          2.678     3.195    rgb_in_IBUF[9]
    SLICE_X25Y193        LUT5 (Prop_D5LUT_SLICEM_I3_O)
                                                      0.154     3.349 r  ug_mult[1]_i_17/O
                         net (fo=4, routed)           0.585     3.934    ug_mult[1]_i_17_n_0
    SLICE_X22Y193        LUT6 (Prop_H6LUT_SLICEL_I1_O)
                                                      0.153     4.087 r  ug_mult[1]_i_15/O
                         net (fo=2, routed)           0.057     4.144    ug_mult[1]_i_15_n_0
    SLICE_X22Y193        LUT4 (Prop_E6LUT_SLICEL_I0_O)
                                                      0.138     4.282 r  ug_mult[1]_i_3/O
                         net (fo=2, routed)           0.519     4.801    ug_mult[1]_i_3_n_0
    SLICE_X23Y193        LUT6 (Prop_G6LUT_SLICEL_I0_O)
                                                      0.186     4.987 r  ug_mult[1]_i_8/O
                         net (fo=1, routed)           0.012     4.999    ug_mult[1]_i_8_n_0
    SLICE_X23Y193        CARRY8 (Prop_CARRY8_SLICEL_S[6]_CO[7])
                                                      0.171     5.170 r  ug_mult_reg[1]_i_1/CO[7]
                         net (fo=1, routed)           0.030     5.200    ug_mult_reg[1]_i_1_n_0
    SLICE_X23Y194        CARRY8 (Prop_CARRY8_SLICEL_CI_O[5])
                                                      0.161     5.361 r  ug_mult_reg[8]_i_1/O[5]
                         net (fo=1, routed)           0.033     5.394    ug_mult_reg[8]_i_1_n_10
    SLICE_X23Y194        FDRE                                         r  ug_mult_reg[7]/D
  -------------------------------------------------------------------    -------------------

Slack:                    inf
  Source:                 rgb_in[9]
                            (input port)
  Destination:            ug_mult_reg[8]/D
  Path Group:             (none)
  Path Type:              Max at Slow Process Corner
  Data Path Delay:        5.391ns  (logic 1.475ns (27.370%)  route 3.915ns (72.630%))
  Logic Levels:           8  (CARRY8=2 IBUFCTRL=1 INBUF=1 LUT4=1 LUT5=1 LUT6=2)

    Location             Delay type                Incr(ns)  Path(ns)    Netlist Resource(s)
  -------------------------------------------------------------------    -------------------
    J4                                                0.000     0.000 r  rgb_in[9] (IN)
                         net (fo=0)                   0.000     0.000    rgb_in_IBUF[9]_inst/I
    J4                   INBUF (Prop_INBUF_HPIOB_S_PAD_O)
                                                      0.516     0.516 r  rgb_in_IBUF[9]_inst/INBUF_INST/O
                         net (fo=1, routed)           0.000     0.516    rgb_in_IBUF[9]_inst/OUT
    J4                   IBUFCTRL (Prop_IBUFCTRL_HPIOB_S_I_O)
                                                      0.000     0.516 r  rgb_in_IBUF[9]_inst/IBUFCTRL_INST/O
                         net (fo=56, routed)          2.678     3.195    rgb_in_IBUF[9]
    SLICE_X25Y193        LUT5 (Prop_D5LUT_SLICEM_I3_O)
                                                      0.154     3.349 r  ug_mult[1]_i_17/O
                         net (fo=4, routed)           0.585     3.934    ug_mult[1]_i_17_n_0
    SLICE_X22Y193        LUT6 (Prop_H6LUT_SLICEL_I1_O)
                                                      0.153     4.087 r  ug_mult[1]_i_15/O
                         net (fo=2, routed)           0.057     4.144    ug_mult[1]_i_15_n_0
    SLICE_X22Y193        LUT4 (Prop_E6LUT_SLICEL_I0_O)
                                                      0.138     4.282 r  ug_mult[1]_i_3/O
                         net (fo=2, routed)           0.519     4.801    ug_mult[1]_i_3_n_0
    SLICE_X23Y193        LUT6 (Prop_G6LUT_SLICEL_I0_O)
                                                      0.186     4.987 r  ug_mult[1]_i_8/O
                         net (fo=1, routed)           0.012     4.999    ug_mult[1]_i_8_n_0
    SLICE_X23Y193        CARRY8 (Prop_CARRY8_SLICEL_S[6]_CO[7])
                                                      0.171     5.170 r  ug_mult_reg[1]_i_1/CO[7]
                         net (fo=1, routed)           0.030     5.200    ug_mult_reg[1]_i_1_n_0
    SLICE_X23Y194        CARRY8 (Prop_CARRY8_SLICEL_CI_O[6])
                                                      0.157     5.357 r  ug_mult_reg[8]_i_1/O[6]
                         net (fo=1, routed)           0.034     5.391    ug_mult_reg[8]_i_1_n_9
    SLICE_X23Y194        FDRE                                         r  ug_mult_reg[8]/D
  -------------------------------------------------------------------    -------------------

Slack:                    inf
  Source:                 rgb_in[9]
                            (input port)
  Destination:            ug_mult_reg[6]/D
  Path Group:             (none)
  Path Type:              Max at Slow Process Corner
  Data Path Delay:        5.351ns  (logic 1.437ns (26.864%)  route 3.913ns (73.136%))
  Logic Levels:           8  (CARRY8=2 IBUFCTRL=1 INBUF=1 LUT4=1 LUT5=1 LUT6=2)

    Location             Delay type                Incr(ns)  Path(ns)    Netlist Resource(s)
  -------------------------------------------------------------------    -------------------
    J4                                                0.000     0.000 r  rgb_in[9] (IN)
                         net (fo=0)                   0.000     0.000    rgb_in_IBUF[9]_inst/I
    J4                   INBUF (Prop_INBUF_HPIOB_S_PAD_O)
                                                      0.516     0.516 r  rgb_in_IBUF[9]_inst/INBUF_INST/O
                         net (fo=1, routed)           0.000     0.516    rgb_in_IBUF[9]_inst/OUT
    J4                   IBUFCTRL (Prop_IBUFCTRL_HPIOB_S_I_O)
                                                      0.000     0.516 r  rgb_in_IBUF[9]_inst/IBUFCTRL_INST/O
                         net (fo=56, routed)          2.678     3.195    rgb_in_IBUF[9]
    SLICE_X25Y193        LUT5 (Prop_D5LUT_SLICEM_I3_O)
                                                      0.154     3.349 r  ug_mult[1]_i_17/O
                         net (fo=4, routed)           0.585     3.934    ug_mult[1]_i_17_n_0
    SLICE_X22Y193        LUT6 (Prop_H6LUT_SLICEL_I1_O)
                                                      0.153     4.087 r  ug_mult[1]_i_15/O
                         net (fo=2, routed)           0.057     4.144    ug_mult[1]_i_15_n_0
    SLICE_X22Y193        LUT4 (Prop_E6LUT_SLICEL_I0_O)
                                                      0.138     4.282 r  ug_mult[1]_i_3/O
                         net (fo=2, routed)           0.519     4.801    ug_mult[1]_i_3_n_0
    SLICE_X23Y193        LUT6 (Prop_G6LUT_SLICEL_I0_O)
                                                      0.186     4.987 r  ug_mult[1]_i_8/O
                         net (fo=1, routed)           0.012     4.999    ug_mult[1]_i_8_n_0
    SLICE_X23Y193        CARRY8 (Prop_CARRY8_SLICEL_S[6]_CO[7])
                                                      0.171     5.170 r  ug_mult_reg[1]_i_1/CO[7]
                         net (fo=1, routed)           0.030     5.200    ug_mult_reg[1]_i_1_n_0
    SLICE_X23Y194        CARRY8 (Prop_CARRY8_SLICEL_CI_O[4])
                                                      0.119     5.319 r  ug_mult_reg[8]_i_1/O[4]
                         net (fo=1, routed)           0.032     5.351    ug_mult_reg[8]_i_1_n_11
    SLICE_X23Y194        FDRE                                         r  ug_mult_reg[6]/D
  -------------------------------------------------------------------    -------------------

Slack:                    inf
  Source:                 rgb_in[9]
                            (input port)
  Destination:            ug_mult_reg[5]/D
  Path Group:             (none)
  Path Type:              Max at Slow Process Corner
  Data Path Delay:        5.348ns  (logic 1.432ns (26.786%)  route 3.915ns (73.214%))
  Logic Levels:           8  (CARRY8=2 IBUFCTRL=1 INBUF=1 LUT4=1 LUT5=1 LUT6=2)

    Location             Delay type                Incr(ns)  Path(ns)    Netlist Resource(s)
  -------------------------------------------------------------------    -------------------
    J4                                                0.000     0.000 r  rgb_in[9] (IN)
                         net (fo=0)                   0.000     0.000    rgb_in_IBUF[9]_inst/I
    J4                   INBUF (Prop_INBUF_HPIOB_S_PAD_O)
                                                      0.516     0.516 r  rgb_in_IBUF[9]_inst/INBUF_INST/O
                         net (fo=1, routed)           0.000     0.516    rgb_in_IBUF[9]_inst/OUT
    J4                   IBUFCTRL (Prop_IBUFCTRL_HPIOB_S_I_O)
                                                      0.000     0.516 r  rgb_in_IBUF[9]_inst/IBUFCTRL_INST/O
                         net (fo=56, routed)          2.678     3.195    rgb_in_IBUF[9]
    SLICE_X25Y193        LUT5 (Prop_D5LUT_SLICEM_I3_O)
                                                      0.154     3.349 r  ug_mult[1]_i_17/O
                         net (fo=4, routed)           0.585     3.934    ug_mult[1]_i_17_n_0
    SLICE_X22Y193        LUT6 (Prop_H6LUT_SLICEL_I1_O)
                                                      0.153     4.087 r  ug_mult[1]_i_15/O
                         net (fo=2, routed)           0.057     4.144    ug_mult[1]_i_15_n_0
    SLICE_X22Y193        LUT4 (Prop_E6LUT_SLICEL_I0_O)
                                                      0.138     4.282 r  ug_mult[1]_i_3/O
                         net (fo=2, routed)           0.519     4.801    ug_mult[1]_i_3_n_0
    SLICE_X23Y193        LUT6 (Prop_G6LUT_SLICEL_I0_O)
                                                      0.186     4.987 r  ug_mult[1]_i_8/O
                         net (fo=1, routed)           0.012     4.999    ug_mult[1]_i_8_n_0
    SLICE_X23Y193        CARRY8 (Prop_CARRY8_SLICEL_S[6]_CO[7])
                                                      0.171     5.170 r  ug_mult_reg[1]_i_1/CO[7]
                         net (fo=1, routed)           0.030     5.200    ug_mult_reg[1]_i_1_n_0
    SLICE_X23Y194        CARRY8 (Prop_CARRY8_SLICEL_CI_O[3])
                                                      0.114     5.314 r  ug_mult_reg[8]_i_1/O[3]
                         net (fo=1, routed)           0.034     5.348    ug_mult_reg[8]_i_1_n_12
    SLICE_X23Y194        FDRE                                         r  ug_mult_reg[5]/D
  -------------------------------------------------------------------    -------------------

Slack:                    inf
  Source:                 rgb_in[9]
                            (input port)
  Destination:            ug_mult_reg[3]/D
  Path Group:             (none)
  Path Type:              Max at Slow Process Corner
  Data Path Delay:        5.339ns  (logic 1.424ns (26.681%)  route 3.914ns (73.319%))
  Logic Levels:           8  (CARRY8=2 IBUFCTRL=1 INBUF=1 LUT4=1 LUT5=1 LUT6=2)

    Location             Delay type                Incr(ns)  Path(ns)    Netlist Resource(s)
  -------------------------------------------------------------------    -------------------
    J4                                                0.000     0.000 r  rgb_in[9] (IN)
                         net (fo=0)                   0.000     0.000    rgb_in_IBUF[9]_inst/I
    J4                   INBUF (Prop_INBUF_HPIOB_S_PAD_O)
                                                      0.516     0.516 r  rgb_in_IBUF[9]_inst/INBUF_INST/O
                         net (fo=1, routed)           0.000     0.516    rgb_in_IBUF[9]_inst/OUT
    J4                   IBUFCTRL (Prop_IBUFCTRL_HPIOB_S_I_O)
                                                      0.000     0.516 r  rgb_in_IBUF[9]_inst/IBUFCTRL_INST/O
                         net (fo=56, routed)          2.678     3.195    rgb_in_IBUF[9]
    SLICE_X25Y193        LUT5 (Prop_D5LUT_SLICEM_I3_O)
                                                      0.154     3.349 r  ug_mult[1]_i_17/O
                         net (fo=4, routed)           0.585     3.934    ug_mult[1]_i_17_n_0
    SLICE_X22Y193        LUT6 (Prop_H6LUT_SLICEL_I1_O)
                                                      0.153     4.087 r  ug_mult[1]_i_15/O
                         net (fo=2, routed)           0.057     4.144    ug_mult[1]_i_15_n_0
    SLICE_X22Y193        LUT4 (Prop_E6LUT_SLICEL_I0_O)
                                                      0.138     4.282 r  ug_mult[1]_i_3/O
                         net (fo=2, routed)           0.519     4.801    ug_mult[1]_i_3_n_0
    SLICE_X23Y193        LUT6 (Prop_G6LUT_SLICEL_I0_O)
                                                      0.186     4.987 r  ug_mult[1]_i_8/O
                         net (fo=1, routed)           0.012     4.999    ug_mult[1]_i_8_n_0
    SLICE_X23Y193        CARRY8 (Prop_CARRY8_SLICEL_S[6]_CO[7])
                                                      0.171     5.170 r  ug_mult_reg[1]_i_1/CO[7]
                         net (fo=1, routed)           0.030     5.200    ug_mult_reg[1]_i_1_n_0
    SLICE_X23Y194        CARRY8 (Prop_CARRY8_SLICEL_CI_O[1])
                                                      0.106     5.306 r  ug_mult_reg[8]_i_1/O[1]
                         net (fo=1, routed)           0.033     5.339    ug_mult_reg[8]_i_1_n_14
    SLICE_X23Y194        FDRE                                         r  ug_mult_reg[3]/D
  -------------------------------------------------------------------    -------------------

Slack:                    inf
  Source:                 rgb_in[9]
                            (input port)
  Destination:            ug_mult_reg[4]/D
  Path Group:             (none)
  Path Type:              Max at Slow Process Corner
  Data Path Delay:        5.327ns  (logic 1.411ns (26.497%)  route 3.915ns (73.503%))
  Logic Levels:           8  (CARRY8=2 IBUFCTRL=1 INBUF=1 LUT4=1 LUT5=1 LUT6=2)

    Location             Delay type                Incr(ns)  Path(ns)    Netlist Resource(s)
  -------------------------------------------------------------------    -------------------
    J4                                                0.000     0.000 r  rgb_in[9] (IN)
                         net (fo=0)                   0.000     0.000    rgb_in_IBUF[9]_inst/I
    J4                   INBUF (Prop_INBUF_HPIOB_S_PAD_O)
                                                      0.516     0.516 r  rgb_in_IBUF[9]_inst/INBUF_INST/O
                         net (fo=1, routed)           0.000     0.516    rgb_in_IBUF[9]_inst/OUT
    J4                   IBUFCTRL (Prop_IBUFCTRL_HPIOB_S_I_O)
                                                      0.000     0.516 r  rgb_in_IBUF[9]_inst/IBUFCTRL_INST/O
                         net (fo=56, routed)          2.678     3.195    rgb_in_IBUF[9]
    SLICE_X25Y193        LUT5 (Prop_D5LUT_SLICEM_I3_O)
                                                      0.154     3.349 r  ug_mult[1]_i_17/O
                         net (fo=4, routed)           0.585     3.934    ug_mult[1]_i_17_n_0
    SLICE_X22Y193        LUT6 (Prop_H6LUT_SLICEL_I1_O)
                                                      0.153     4.087 r  ug_mult[1]_i_15/O
                         net (fo=2, routed)           0.057     4.144    ug_mult[1]_i_15_n_0
    SLICE_X22Y193        LUT4 (Prop_E6LUT_SLICEL_I0_O)
                                                      0.138     4.282 r  ug_mult[1]_i_3/O
                         net (fo=2, routed)           0.519     4.801    ug_mult[1]_i_3_n_0
    SLICE_X23Y193        LUT6 (Prop_G6LUT_SLICEL_I0_O)
                                                      0.186     4.987 r  ug_mult[1]_i_8/O
                         net (fo=1, routed)           0.012     4.999    ug_mult[1]_i_8_n_0
    SLICE_X23Y193        CARRY8 (Prop_CARRY8_SLICEL_S[6]_CO[7])
                                                      0.171     5.170 r  ug_mult_reg[1]_i_1/CO[7]
                         net (fo=1, routed)           0.030     5.200    ug_mult_reg[1]_i_1_n_0
    SLICE_X23Y194        CARRY8 (Prop_CARRY8_SLICEL_CI_O[2])
                                                      0.093     5.293 r  ug_mult_reg[8]_i_1/O[2]
                         net (fo=1, routed)           0.034     5.327    ug_mult_reg[8]_i_1_n_13
    SLICE_X23Y194        FDRE                                         r  ug_mult_reg[4]/D
  -------------------------------------------------------------------    -------------------

Slack:                    inf
  Source:                 rgb_in[9]
                            (input port)
  Destination:            ug_mult_reg[2]/D
  Path Group:             (none)
  Path Type:              Max at Slow Process Corner
  Data Path Delay:        5.310ns  (logic 1.396ns (26.299%)  route 3.913ns (73.701%))
  Logic Levels:           8  (CARRY8=2 IBUFCTRL=1 INBUF=1 LUT4=1 LUT5=1 LUT6=2)

    Location             Delay type                Incr(ns)  Path(ns)    Netlist Resource(s)
  -------------------------------------------------------------------    -------------------
    J4                                                0.000     0.000 r  rgb_in[9] (IN)
                         net (fo=0)                   0.000     0.000    rgb_in_IBUF[9]_inst/I
    J4                   INBUF (Prop_INBUF_HPIOB_S_PAD_O)
                                                      0.516     0.516 r  rgb_in_IBUF[9]_inst/INBUF_INST/O
                         net (fo=1, routed)           0.000     0.516    rgb_in_IBUF[9]_inst/OUT
    J4                   IBUFCTRL (Prop_IBUFCTRL_HPIOB_S_I_O)
                                                      0.000     0.516 r  rgb_in_IBUF[9]_inst/IBUFCTRL_INST/O
                         net (fo=56, routed)          2.678     3.195    rgb_in_IBUF[9]
    SLICE_X25Y193        LUT5 (Prop_D5LUT_SLICEM_I3_O)
                                                      0.154     3.349 r  ug_mult[1]_i_17/O
                         net (fo=4, routed)           0.585     3.934    ug_mult[1]_i_17_n_0
    SLICE_X22Y193        LUT6 (Prop_H6LUT_SLICEL_I1_O)
                                                      0.153     4.087 r  ug_mult[1]_i_15/O
                         net (fo=2, routed)           0.057     4.144    ug_mult[1]_i_15_n_0
    SLICE_X22Y193        LUT4 (Prop_E6LUT_SLICEL_I0_O)
                                                      0.138     4.282 r  ug_mult[1]_i_3/O
                         net (fo=2, routed)           0.519     4.801    ug_mult[1]_i_3_n_0
    SLICE_X23Y193        LUT6 (Prop_G6LUT_SLICEL_I0_O)
                                                      0.186     4.987 r  ug_mult[1]_i_8/O
                         net (fo=1, routed)           0.012     4.999    ug_mult[1]_i_8_n_0
    SLICE_X23Y193        CARRY8 (Prop_CARRY8_SLICEL_S[6]_CO[7])
                                                      0.171     5.170 r  ug_mult_reg[1]_i_1/CO[7]
                         net (fo=1, routed)           0.030     5.200    ug_mult_reg[1]_i_1_n_0
    SLICE_X23Y194        CARRY8 (Prop_CARRY8_SLICEL_CI_O[0])
                                                      0.078     5.278 r  ug_mult_reg[8]_i_1/O[0]
                         net (fo=1, routed)           0.032     5.310    ug_mult_reg[8]_i_1_n_15
    SLICE_X23Y194        FDRE                                         r  ug_mult_reg[2]/D
  -------------------------------------------------------------------    -------------------

Slack:                    inf
  Source:                 rgb_in[9]
                            (input port)
  Destination:            yg_mult_reg[9]/D
  Path Group:             (none)
  Path Type:              Max at Slow Process Corner
  Data Path Delay:        5.195ns  (logic 0.910ns (17.523%)  route 4.285ns (82.477%))
  Logic Levels:           5  (CARRY8=1 IBUFCTRL=1 INBUF=1 LUT2=1 LUT6=1)

    Location             Delay type                Incr(ns)  Path(ns)    Netlist Resource(s)
  -------------------------------------------------------------------    -------------------
    J4                                                0.000     0.000 r  rgb_in[9] (IN)
                         net (fo=0)                   0.000     0.000    rgb_in_IBUF[9]_inst/I
    J4                   INBUF (Prop_INBUF_HPIOB_S_PAD_O)
                                                      0.516     0.516 r  rgb_in_IBUF[9]_inst/INBUF_INST/O
                         net (fo=1, routed)           0.000     0.516    rgb_in_IBUF[9]_inst/OUT
    J4                   IBUFCTRL (Prop_IBUFCTRL_HPIOB_S_I_O)
                                                      0.000     0.516 r  rgb_in_IBUF[9]_inst/IBUFCTRL_INST/O
                         net (fo=56, routed)          2.444     2.961    rgb_in_IBUF[9]
    SLICE_X23Y191        LUT2 (Prop_C6LUT_SLICEL_I1_O)
                                                      0.081     3.042 r  yg_mult[9]_i_15/O
                         net (fo=8, routed)           0.862     3.903    yg_mult[9]_i_15_n_0
    SLICE_X21Y191        LUT6 (Prop_G6LUT_SLICEM_I4_O)
                                                      0.152     4.055 r  yg_mult[9]_i_3/O
                         net (fo=1, routed)           0.945     5.000    yg_mult[9]_i_3_n_0
    SLICE_X22Y191        CARRY8 (Prop_CARRY8_SLICEL_DI[4]_O[6])
                                                      0.161     5.161 r  yg_mult_reg[9]_i_1/O[6]
                         net (fo=1, routed)           0.034     5.195    multOp[9]
    SLICE_X22Y191        FDRE                                         r  yg_mult_reg[9]/D
  -------------------------------------------------------------------    -------------------

Slack:                    inf
  Source:                 rgb_in[9]
                            (input port)
  Destination:            ug_mult_reg[1]/D
  Path Group:             (none)
  Path Type:              Max at Slow Process Corner
  Data Path Delay:        5.149ns  (logic 1.263ns (24.538%)  route 3.885ns (75.462%))
  Logic Levels:           7  (CARRY8=1 IBUFCTRL=1 INBUF=1 LUT4=1 LUT5=1 LUT6=2)

    Location             Delay type                Incr(ns)  Path(ns)    Netlist Resource(s)
  -------------------------------------------------------------------    -------------------
    J4                                                0.000     0.000 r  rgb_in[9] (IN)
                         net (fo=0)                   0.000     0.000    rgb_in_IBUF[9]_inst/I
    J4                   INBUF (Prop_INBUF_HPIOB_S_PAD_O)
                                                      0.516     0.516 r  rgb_in_IBUF[9]_inst/INBUF_INST/O
                         net (fo=1, routed)           0.000     0.516    rgb_in_IBUF[9]_inst/OUT
    J4                   IBUFCTRL (Prop_IBUFCTRL_HPIOB_S_I_O)
                                                      0.000     0.516 r  rgb_in_IBUF[9]_inst/IBUFCTRL_INST/O
                         net (fo=56, routed)          2.678     3.195    rgb_in_IBUF[9]
    SLICE_X25Y193        LUT5 (Prop_D5LUT_SLICEM_I3_O)
                                                      0.154     3.349 r  ug_mult[1]_i_17/O
                         net (fo=4, routed)           0.585     3.934    ug_mult[1]_i_17_n_0
    SLICE_X22Y193        LUT6 (Prop_H6LUT_SLICEL_I1_O)
                                                      0.153     4.087 r  ug_mult[1]_i_15/O
                         net (fo=2, routed)           0.057     4.144    ug_mult[1]_i_15_n_0
    SLICE_X22Y193        LUT4 (Prop_E6LUT_SLICEL_I0_O)
                                                      0.138     4.282 r  ug_mult[1]_i_3/O
                         net (fo=2, routed)           0.519     4.801    ug_mult[1]_i_3_n_0
    SLICE_X23Y193        LUT6 (Prop_G6LUT_SLICEL_I0_O)
                                                      0.186     4.987 r  ug_mult[1]_i_8/O
                         net (fo=1, routed)           0.012     4.999    ug_mult[1]_i_8_n_0
    SLICE_X23Y193        CARRY8 (Prop_CARRY8_SLICEL_S[6]_O[7])
                                                      0.116     5.115 r  ug_mult_reg[1]_i_1/O[7]
                         net (fo=1, routed)           0.034     5.149    ug_mult_reg[1]_i_1_n_8
    SLICE_X23Y193        FDRE                                         r  ug_mult_reg[1]/D
  -------------------------------------------------------------------    -------------------

Slack:                    inf
  Source:                 rgb_in[9]
                            (input port)
  Destination:            yg_mult_reg[8]/D
  Path Group:             (none)
  Path Type:              Max at Slow Process Corner
  Data Path Delay:        5.148ns  (logic 0.864ns (16.790%)  route 4.284ns (83.210%))
  Logic Levels:           5  (CARRY8=1 IBUFCTRL=1 INBUF=1 LUT2=1 LUT6=1)

    Location             Delay type                Incr(ns)  Path(ns)    Netlist Resource(s)
  -------------------------------------------------------------------    -------------------
    J4                                                0.000     0.000 r  rgb_in[9] (IN)
                         net (fo=0)                   0.000     0.000    rgb_in_IBUF[9]_inst/I
    J4                   INBUF (Prop_INBUF_HPIOB_S_PAD_O)
                                                      0.516     0.516 r  rgb_in_IBUF[9]_inst/INBUF_INST/O
                         net (fo=1, routed)           0.000     0.516    rgb_in_IBUF[9]_inst/OUT
    J4                   IBUFCTRL (Prop_IBUFCTRL_HPIOB_S_I_O)
                                                      0.000     0.516 r  rgb_in_IBUF[9]_inst/IBUFCTRL_INST/O
                         net (fo=56, routed)          2.444     2.961    rgb_in_IBUF[9]
    SLICE_X23Y191        LUT2 (Prop_C6LUT_SLICEL_I1_O)
                                                      0.081     3.042 r  yg_mult[9]_i_15/O
                         net (fo=8, routed)           0.862     3.903    yg_mult[9]_i_15_n_0
    SLICE_X21Y191        LUT6 (Prop_G6LUT_SLICEM_I4_O)
                                                      0.152     4.055 r  yg_mult[9]_i_3/O
                         net (fo=1, routed)           0.945     5.000    yg_mult[9]_i_3_n_0
    SLICE_X22Y191        CARRY8 (Prop_CARRY8_SLICEL_DI[4]_O[5])
                                                      0.115     5.115 r  yg_mult_reg[9]_i_1/O[5]
                         net (fo=1, routed)           0.033     5.148    multOp[8]
    SLICE_X22Y191        FDRE                                         r  yg_mult_reg[8]/D
  -------------------------------------------------------------------    -------------------





Min Delay Paths
--------------------------------------------------------------------------------------
Slack:                    inf
  Source:                 valid_pipe_reg[2]/C
                            (rising edge-triggered cell FDRE)
  Destination:            out_valid_reg_reg/D
  Path Group:             (none)
  Path Type:              Min at Fast Process Corner
  Data Path Delay:        0.129ns  (logic 0.083ns (64.346%)  route 0.046ns (35.654%))
  Logic Levels:           1  (FDRE=1)

    Location             Delay type                Incr(ns)  Path(ns)    Netlist Resource(s)
  -------------------------------------------------------------------    -------------------
    SLICE_X23Y198        FDRE                         0.000     0.000 r  valid_pipe_reg[2]/C
    SLICE_X23Y198        FDRE (Prop_FFF_SLICEL_C_Q)
                                                      0.083     0.083 r  valid_pipe_reg[2]/Q
                         net (fo=2, routed)           0.046     0.129    p_0_in
    SLICE_X23Y198        FDRE                                         r  out_valid_reg_reg/D
  -------------------------------------------------------------------    -------------------

Slack:                    inf
  Source:                 u_mac_reg_reg[5]/C
                            (rising edge-triggered cell FDSE)
  Destination:            yuv_out_reg_reg[13]/D
  Path Group:             (none)
  Path Type:              Min at Fast Process Corner
  Data Path Delay:        0.187ns  (logic 0.107ns (57.253%)  route 0.080ns (42.747%))
  Logic Levels:           2  (FDSE=1 LUT6=1)

    Location             Delay type                Incr(ns)  Path(ns)    Netlist Resource(s)
  -------------------------------------------------------------------    -------------------
    SLICE_X21Y200        FDSE                         0.000     0.000 r  u_mac_reg_reg[5]/C
    SLICE_X21Y200        FDSE (Prop_DFF2_SLICEM_C_Q)
                                                      0.086     0.086 r  u_mac_reg_reg[5]/Q
                         net (fo=5, routed)           0.057     0.143    u_mac_reg_reg_n_0_[5]
    SLICE_X21Y199        LUT6 (Prop_H6LUT_SLICEM_I4_O)
                                                      0.021     0.164 r  yuv_out_reg[13]_i_1/O
                         net (fo=1, routed)           0.023     0.187    yuv_out_reg[13]_i_1_n_0
    SLICE_X21Y199        FDRE                                         r  yuv_out_reg_reg[13]/D
  -------------------------------------------------------------------    -------------------

Slack:                    inf
  Source:                 u_mac_reg_reg[1]/C
                            (rising edge-triggered cell FDSE)
  Destination:            yuv_out_reg_reg[9]/D
  Path Group:             (none)
  Path Type:              Min at Fast Process Corner
  Data Path Delay:        0.188ns  (logic 0.106ns (56.514%)  route 0.082ns (43.486%))
  Logic Levels:           2  (FDSE=1 LUT6=1)

    Location             Delay type                Incr(ns)  Path(ns)    Netlist Resource(s)
  -------------------------------------------------------------------    -------------------
    SLICE_X22Y200        FDSE                         0.000     0.000 r  u_mac_reg_reg[1]/C
    SLICE_X22Y200        FDSE (Prop_CFF2_SLICEL_C_Q)
                                                      0.085     0.085 r  u_mac_reg_reg[1]/Q
                         net (fo=5, routed)           0.059     0.144    u_mac_reg_reg_n_0_[1]
    SLICE_X21Y200        LUT6 (Prop_G6LUT_SLICEM_I3_O)
                                                      0.021     0.165 r  yuv_out_reg[9]_i_1/O
                         net (fo=1, routed)           0.023     0.188    yuv_out_reg[9]_i_1_n_0
    SLICE_X21Y200        FDRE                                         r  yuv_out_reg_reg[9]/D
  -------------------------------------------------------------------    -------------------

Slack:                    inf
  Source:                 yb_mult_reg[-8]/C
                            (rising edge-triggered cell FDRE)
  Destination:            y_mac_reg_reg[-8]/D
  Path Group:             (none)
  Path Type:              Min at Fast Process Corner
  Data Path Delay:        0.192ns  (logic 0.082ns (42.708%)  route 0.110ns (57.292%))
  Logic Levels:           1  (FDRE=1)

    Location             Delay type                Incr(ns)  Path(ns)    Netlist Resource(s)
  -------------------------------------------------------------------    -------------------
    SLICE_X24Y187        FDRE                         0.000     0.000 r  yb_mult_reg[-8]/C
    SLICE_X24Y187        FDRE (Prop_AFF_SLICEM_C_Q)
                                                      0.082     0.082 r  yb_mult_reg[-8]/Q
                         net (fo=1, routed)           0.110     0.192    yb_mult[0]
    SLICE_X23Y188        FDRE                                         r  y_mac_reg_reg[-8]/D
  -------------------------------------------------------------------    -------------------

Slack:                    inf
  Source:                 y_mac_reg_reg[2]/C
                            (rising edge-triggered cell FDRE)
  Destination:            yuv_out_reg_reg[18]/D
  Path Group:             (none)
  Path Type:              Min at Fast Process Corner
  Data Path Delay:        0.194ns  (logic 0.106ns (54.680%)  route 0.088ns (45.320%))
  Logic Levels:           2  (FDRE=1 LUT5=1)

    Location             Delay type                Incr(ns)  Path(ns)    Netlist Resource(s)
  -------------------------------------------------------------------    -------------------
    SLICE_X21Y188        FDRE                         0.000     0.000 r  y_mac_reg_reg[2]/C
    SLICE_X21Y188        FDRE (Prop_BFF_SLICEM_C_Q)
                                                      0.082     0.082 r  y_mac_reg_reg[2]/Q
                         net (fo=5, routed)           0.079     0.161    y_mac_reg_reg[2]
    SLICE_X20Y187        LUT5 (Prop_A5LUT_SLICEM_I2_O)
                                                      0.024     0.185 r  yuv_out_reg[18]_i_1/O
                         net (fo=1, routed)           0.009     0.194    arg2_out[2]
    SLICE_X20Y187        FDRE                                         r  yuv_out_reg_reg[18]/D
  -------------------------------------------------------------------    -------------------

Slack:                    inf
  Source:                 y_mac_reg_reg[-7]/C
                            (rising edge-triggered cell FDRE)
  Destination:            yuv_out_reg_reg[16]/D
  Path Group:             (none)
  Path Type:              Min at Fast Process Corner
  Data Path Delay:        0.199ns  (logic 0.119ns (59.799%)  route 0.080ns (40.201%))
  Logic Levels:           2  (FDRE=1 LUT6=1)

    Location             Delay type                Incr(ns)  Path(ns)    Netlist Resource(s)
  -------------------------------------------------------------------    -------------------
    SLICE_X21Y187        FDRE                         0.000     0.000 r  y_mac_reg_reg[-7]/C
    SLICE_X21Y187        FDRE (Prop_AFF_SLICEM_C_Q)
                                                      0.082     0.082 r  y_mac_reg_reg[-7]/Q
                         net (fo=1, routed)           0.056     0.138    y_mac_reg_reg[-7]
    SLICE_X20Y187        LUT6 (Prop_B6LUT_SLICEM_I2_O)
                                                      0.037     0.175 r  yuv_out_reg[16]_i_1/O
                         net (fo=1, routed)           0.024     0.199    arg2_out[0]
    SLICE_X20Y187        FDRE                                         r  yuv_out_reg_reg[16]/D
  -------------------------------------------------------------------    -------------------

Slack:                    inf
  Source:                 valid_pipe_reg[1]/C
                            (rising edge-triggered cell FDRE)
  Destination:            valid_pipe_reg[2]/D
  Path Group:             (none)
  Path Type:              Min at Fast Process Corner
  Data Path Delay:        0.203ns  (logic 0.085ns (41.947%)  route 0.118ns (58.053%))
  Logic Levels:           1  (FDRE=1)

    Location             Delay type                Incr(ns)  Path(ns)    Netlist Resource(s)
  -------------------------------------------------------------------    -------------------
    SLICE_X23Y198        FDRE                         0.000     0.000 r  valid_pipe_reg[1]/C
    SLICE_X23Y198        FDRE (Prop_EFF2_SLICEL_C_Q)
                                                      0.085     0.085 r  valid_pipe_reg[1]/Q
                         net (fo=5, routed)           0.118     0.203    valid_pipe_reg_n_0_[1]
    SLICE_X23Y198        FDRE                                         r  valid_pipe_reg[2]/D
  -------------------------------------------------------------------    -------------------

Slack:                    inf
  Source:                 y_mac_reg_reg[7]/C
                            (rising edge-triggered cell FDRE)
  Destination:            yuv_out_reg_reg[22]/D
  Path Group:             (none)
  Path Type:              Min at Fast Process Corner
  Data Path Delay:        0.207ns  (logic 0.104ns (50.242%)  route 0.103ns (49.758%))
  Logic Levels:           2  (FDRE=1 LUT6=1)

    Location             Delay type                Incr(ns)  Path(ns)    Netlist Resource(s)
  -------------------------------------------------------------------    -------------------
    SLICE_X21Y188        FDRE                         0.000     0.000 r  y_mac_reg_reg[7]/C
    SLICE_X21Y188        FDRE (Prop_GFF_SLICEM_C_Q)
                                                      0.083     0.083 r  y_mac_reg_reg[7]/Q
                         net (fo=6, routed)           0.080     0.163    y_mac_reg_reg[7]
    SLICE_X20Y186        LUT6 (Prop_H6LUT_SLICEM_I4_O)
                                                      0.021     0.184 r  yuv_out_reg[22]_i_1/O
                         net (fo=1, routed)           0.023     0.207    arg2_out[6]
    SLICE_X20Y186        FDRE                                         r  yuv_out_reg_reg[22]/D
  -------------------------------------------------------------------    -------------------

Slack:                    inf
  Source:                 y_mac_reg_reg[2]/C
                            (rising edge-triggered cell FDRE)
  Destination:            yuv_out_reg_reg[17]/D
  Path Group:             (none)
  Path Type:              Min at Fast Process Corner
  Data Path Delay:        0.208ns  (logic 0.103ns (49.554%)  route 0.105ns (50.446%))
  Logic Levels:           2  (FDRE=1 LUT6=1)

    Location             Delay type                Incr(ns)  Path(ns)    Netlist Resource(s)
  -------------------------------------------------------------------    -------------------
    SLICE_X21Y188        FDRE                         0.000     0.000 r  y_mac_reg_reg[2]/C
    SLICE_X21Y188        FDRE (Prop_BFF_SLICEM_C_Q)
                                                      0.082     0.082 r  y_mac_reg_reg[2]/Q
                         net (fo=5, routed)           0.076     0.158    y_mac_reg_reg[2]
    SLICE_X20Y187        LUT6 (Prop_D6LUT_SLICEM_I0_O)
                                                      0.021     0.179 r  yuv_out_reg[17]_i_1/O
                         net (fo=1, routed)           0.029     0.208    arg2_out[1]
    SLICE_X20Y187        FDRE                                         r  yuv_out_reg_reg[17]/D
  -------------------------------------------------------------------    -------------------

Slack:                    inf
  Source:                 u_mac_reg_reg[7]/C
                            (rising edge-triggered cell FDSE)
  Destination:            yuv_out_reg_reg[15]/D
  Path Group:             (none)
  Path Type:              Min at Fast Process Corner
  Data Path Delay:        0.209ns  (logic 0.106ns (50.738%)  route 0.103ns (49.262%))
  Logic Levels:           2  (FDSE=1 LUT6=1)

    Location             Delay type                Incr(ns)  Path(ns)    Netlist Resource(s)
  -------------------------------------------------------------------    -------------------
    SLICE_X20Y198        FDSE                         0.000     0.000 r  u_mac_reg_reg[7]/C
    SLICE_X20Y198        FDSE (Prop_DFF2_SLICEM_C_Q)
                                                      0.086     0.086 r  u_mac_reg_reg[7]/Q
                         net (fo=6, routed)           0.085     0.171    u_mac_reg_reg_n_0_[7]
    SLICE_X22Y199        LUT6 (Prop_G6LUT_SLICEL_I5_O)
                                                      0.020     0.191 r  yuv_out_reg[15]_i_2/O
                         net (fo=1, routed)           0.018     0.209    yuv_out_reg[15]_i_2_n_0
    SLICE_X22Y199        FDRE                                         r  yuv_out_reg_reg[15]/D
  -------------------------------------------------------------------    -------------------





