Copyright 1986-2022 Xilinx, Inc. All Rights Reserved. Copyright 2022-2025 Advanced Micro Devices, Inc. All Rights Reserved.
-------------------------------------------------------------------------------------------------------------------------------------------------
| Tool Version     : Vivado v.2025.2 (win64) Build 6299465 Fri Nov 14 19:35:11 GMT 2025
| Date             : Fri Mar  6 01:49:23 2026
| Host             : N166A running 64-bit major release  (build 9200)
| Command          : report_power -file RGB2YUV_power_routed.rpt -pb RGB2YUV_power_summary_routed.pb -rpx RGB2YUV_power_routed.rpx
| Design           : RGB2YUV
| Device           : xck26-sfvc784-2LV-c
| Design State     : routed
| Grade            : commercial
| Process          : typical
| Characterization : Production
-------------------------------------------------------------------------------------------------------------------------------------------------

Power Report

Table of Contents
-----------------
1. Summary
1.1 On-Chip Components
1.2 Power Supply Summary
1.3 Confidence Level
2. Settings
2.1 Environment
2.2 Clock Constraints
3. Detailed Reports
3.1 By Hierarchy

1. Summary
----------

+--------------------------+--------------+
| Total On-Chip Power (W)  | 19.461       |
| Design Power Budget (W)  | Unspecified* |
| Power Budget Margin (W)  | NA           |
| Dynamic (W)              | 18.947       |
| Device Static (W)        | 0.514        |
| Effective TJA (C/W)      | 2.3          |
| Max Ambient (C)          | 39.8         |
| Junction Temperature (C) | 70.2         |
| Confidence Level         | Low          |
| Setting File             | ---          |
| Simulation Activity File | ---          |
| Design Nets Matched      | NA           |
+--------------------------+--------------+
* Specify Design Power Budget using, set_operating_conditions -design_power_budget <value in Watts>


1.1 On-Chip Components
----------------------

+----------------+-----------+----------+-----------+-----------------+
| On-Chip        | Power (W) | Used     | Available | Utilization (%) |
+----------------+-----------+----------+-----------+-----------------+
| CLB Logic      |     1.389 |      683 |       --- |             --- |
|   LUT as Logic |     1.196 |      362 |    117120 |            0.31 |
|   CARRY8       |     0.133 |       35 |     14640 |            0.24 |
|   Register     |     0.060 |      209 |    234240 |            0.09 |
|   BUFG         |    <0.001 |        1 |        32 |            3.13 |
|   Others       |     0.000 |        4 |       --- |             --- |
| Signals        |     1.224 |      517 |       --- |             --- |
| I/O            |    16.333 |       54 |       189 |           28.57 |
| Static Power   |     0.514 |          |           |                 |
| Total          |    19.461 |          |           |                 |
+----------------+-----------+----------+-----------+-----------------+


1.2 Power Supply Summary
------------------------

+------------------+-------------+-----------+-------------+------------+-------------+-------------+------------+
| Source           | Voltage (V) | Total (A) | Dynamic (A) | Static (A) | Powerup (A) | Budget (A)  | Margin (A) |
+------------------+-------------+-----------+-------------+------------+-------------+-------------+------------+
| Vccint           |       0.720 |     3.990 |       3.630 |      0.360 |       NA    | Unspecified | NA         |
| Vccint_io        |       0.850 |     0.762 |       0.713 |      0.049 |       NA    | Unspecified | NA         |
| Vccbram          |       0.850 |     0.005 |       0.000 |      0.005 |       NA    | Unspecified | NA         |
| Vccaux           |       1.800 |     0.077 |       0.000 |      0.077 |       NA    | Unspecified | NA         |
| Vccaux_io        |       1.800 |     1.939 |       1.908 |      0.032 |       NA    | Unspecified | NA         |
| Vcco33           |       3.300 |     0.000 |       0.000 |      0.000 |       NA    | Unspecified | NA         |
| Vcco25           |       2.500 |     0.000 |       0.000 |      0.000 |       NA    | Unspecified | NA         |
| Vcco18           |       1.800 |     6.830 |       6.830 |      0.000 |       NA    | Unspecified | NA         |
| Vcco15           |       1.500 |     0.000 |       0.000 |      0.000 |       NA    | Unspecified | NA         |
| Vcco135          |       1.350 |     0.000 |       0.000 |      0.000 |       NA    | Unspecified | NA         |
| Vcco12           |       1.200 |     0.000 |       0.000 |      0.000 |       NA    | Unspecified | NA         |
| Vcco10           |       1.000 |     0.000 |       0.000 |      0.000 |       NA    | Unspecified | NA         |
| Vccadc           |       1.800 |     0.008 |       0.000 |      0.008 |       NA    | Unspecified | NA         |
| VCC_PSINTFP      |       0.850 |     0.000 |       0.000 |      0.000 |       NA    | Unspecified | NA         |
| VCC_PSINTLP      |       0.850 |     0.000 |       0.000 |      0.000 |       NA    | Unspecified | NA         |
| VPS_MGTRAVCC     |       0.850 |     0.000 |       0.000 |      0.000 |       NA    | Unspecified | NA         |
| VCC_PSINTFP_DDR  |       0.850 |     0.000 |       0.000 |      0.000 |       NA    | Unspecified | NA         |
| VCC_PSPLL        |       1.200 |     0.000 |       0.000 |      0.000 |       NA    | Unspecified | NA         |
| VPS_MGTRAVTT     |       1.800 |     0.000 |       0.000 |      0.000 |       NA    | Unspecified | NA         |
| VCCO_PSDDR_504   |       1.200 |     0.000 |       0.000 |      0.000 |       NA    | Unspecified | NA         |
| VCC_PSAUX        |       1.800 |     0.000 |       0.000 |      0.000 |       NA    | Unspecified | NA         |
| VCC_PSBATT       |       1.200 |     0.000 |       0.000 |      0.000 |       NA    | Unspecified | NA         |
| VCC_PSDDR_PLL    |       1.800 |     0.000 |       0.000 |      0.000 |       NA    | Unspecified | NA         |
| VCCO_PSIO0_500   |       3.300 |     0.000 |       0.000 |      0.000 |       NA    | Unspecified | NA         |
| VCCO_PSIO1_501   |       3.300 |     0.000 |       0.000 |      0.000 |       NA    | Unspecified | NA         |
| VCCO_PSIO2_502   |       3.300 |     0.000 |       0.000 |      0.000 |       NA    | Unspecified | NA         |
| VCCO_PSIO3_503   |       3.300 |     0.000 |       0.000 |      0.000 |       NA    | Unspecified | NA         |
| VCC_PSADC        |       1.800 |     0.000 |       0.000 |      0.000 |       NA    | Unspecified | NA         |
| VMGTAVCC (GTH)   |       0.900 |     0.000 |       0.000 |      0.000 |       NA    | Unspecified | NA         |
| VMGTAVTT (GTH)   |       1.200 |     0.000 |       0.000 |      0.000 |       NA    | Unspecified | NA         |
| VMGTVCCAUX (GTH) |       1.800 |     0.000 |       0.000 |      0.000 |       NA    | Unspecified | NA         |
+------------------+-------------+-----------+-------------+------------+-------------+-------------+------------+


1.3 Confidence Level
--------------------

+-----------------------------+------------+--------------------------------------------------------+--------------------------------------------------------------------------------------------------------------------+
| User Input Data             | Confidence | Details                                                | Action                                                                                                             |
+-----------------------------+------------+--------------------------------------------------------+--------------------------------------------------------------------------------------------------------------------+
| Design implementation state | High       | Design is routed                                       |                                                                                                                    |
| Clock nodes activity        | Low        | User specified less than 75% of clocks                 | Provide missing clock activity with a constraint file, simulation results or by editing the "By Clock Domain" view |
| I/O nodes activity          | Low        | More than 75% of inputs are missing user specification | Provide missing input activity with simulation results or by editing the "By Resource Type -> I/Os" view           |
| Internal nodes activity     | Medium     | User specified less than 25% of internal nodes         | Provide missing internal nodes activity with simulation results or by editing the "By Resource Type" views         |
| Device models               | High       | Device models are Production                           |                                                                                                                    |
|                             |            |                                                        |                                                                                                                    |
| Overall confidence level    | Low        |                                                        |                                                                                                                    |
+-----------------------------+------------+--------------------------------------------------------+--------------------------------------------------------------------------------------------------------------------+


2. Settings
-----------

2.1 Environment
---------------

+-----------------------+--------------------------+
| Ambient Temp (C)      | 25.0                     |
| ThetaJA (C/W)         | 2.3                      |
| Airflow (LFM)         | 250                      |
| Heat Sink             | medium (Medium Profile)  |
| ThetaSA (C/W)         | 5.5                      |
| Board Selection       | medium (10"x10")         |
| # of Board Layers     | 12to15 (12 to 15 Layers) |
| Board Temperature (C) | 25.0                     |
+-----------------------+--------------------------+


2.2 Clock Constraints
---------------------

+-------+--------+-----------------+
| Clock | Domain | Constraint (ns) |
+-------+--------+-----------------+


3. Detailed Reports
-------------------

3.1 By Hierarchy
----------------

+---------------------------+-----------+
| Name                      | Power (W) |
+---------------------------+-----------+
| RGB2YUV                   |    18.947 |
|   clk_IBUF_inst           |     0.005 |
|   rgb_in_IBUF[0]_inst     |     0.014 |
|   rgb_in_IBUF[10]_inst    |     0.022 |
|   rgb_in_IBUF[11]_inst    |     0.022 |
|   rgb_in_IBUF[12]_inst    |     0.019 |
|   rgb_in_IBUF[13]_inst    |     0.024 |
|   rgb_in_IBUF[14]_inst    |     0.018 |
|   rgb_in_IBUF[15]_inst    |     0.020 |
|   rgb_in_IBUF[16]_inst    |     0.014 |
|   rgb_in_IBUF[17]_inst    |     0.013 |
|   rgb_in_IBUF[18]_inst    |     0.017 |
|   rgb_in_IBUF[19]_inst    |     0.020 |
|   rgb_in_IBUF[1]_inst     |     0.013 |
|   rgb_in_IBUF[20]_inst    |     0.022 |
|   rgb_in_IBUF[21]_inst    |     0.018 |
|   rgb_in_IBUF[22]_inst    |     0.020 |
|   rgb_in_IBUF[23]_inst    |     0.018 |
|   rgb_in_IBUF[2]_inst     |     0.018 |
|   rgb_in_IBUF[3]_inst     |     0.014 |
|   rgb_in_IBUF[4]_inst     |     0.016 |
|   rgb_in_IBUF[5]_inst     |     0.016 |
|   rgb_in_IBUF[6]_inst     |     0.015 |
|   rgb_in_IBUF[7]_inst     |     0.016 |
|   rgb_in_IBUF[8]_inst     |     0.020 |
|   rgb_in_IBUF[9]_inst     |     0.021 |
|   rgb_in_valid_IBUF_inst  |     0.007 |
|   yuv_out_ready_IBUF_inst |     0.008 |
+---------------------------+-----------+


