Copyright 1986-2022 Xilinx, Inc. All Rights Reserved. Copyright 2022-2025 Advanced Micro Devices, Inc. All Rights Reserved.
---------------------------------------------------------------------------------------------------------------------------------------------
| Tool Version : Vivado v.2025.2 (win64) Build 6299465 Fri Nov 14 19:35:11 GMT 2025
| Date         : Fri Mar  6 01:48:38 2026
| Host         : N166A running 64-bit major release  (build 9200)
| Command      : report_control_sets -verbose -file RGB2YUV_control_sets_placed.rpt
| Design       : RGB2YUV
| Device       : xck26
---------------------------------------------------------------------------------------------------------------------------------------------

Control Set Information

Table of Contents
-----------------
1. Summary
2. Histogram
3. Flip-Flop Distribution
4. Detailed Control Set Information

1. Summary
----------

+----------------------------------------------------------+-------+
|                          Status                          | Count |
+----------------------------------------------------------+-------+
| Total control sets                                       |     9 |
|    Minimum number of control sets                        |     9 |
|    Addition due to synthesis replication                 |     0 |
|    Addition due to physical synthesis replication        |     0 |
| Unused register locations in slices containing registers |     7 |
+----------------------------------------------------------+-------+
* Control sets can be merged at opt_design using control_set_merge or merge_equivalent_drivers
** Run report_qor_suggestions for automated merging and remapping suggestions


2. Histogram
------------

+--------------------+-------+
|       Fanout       | Count |
+--------------------+-------+
| Total control sets |     9 |
| >= 0 to < 4        |     2 |
| >= 4 to < 6        |     0 |
| >= 6 to < 8        |     0 |
| >= 8 to < 10       |     3 |
| >= 10 to < 12      |     0 |
| >= 12 to < 14      |     0 |
| >= 14 to < 16      |     0 |
| >= 16              |     4 |
+--------------------+-------+
* Control sets can be remapped at either synth_design or opt_design


3. Flip-Flop Distribution
-------------------------

+--------------+-----------------------+------------------------+-----------------+--------------+
| Clock Enable | Synchronous Set/Reset | Asynchronous Set/Reset | Total Registers | Total Slices |
+--------------+-----------------------+------------------------+-----------------+--------------+
| No           | No                    | No                     |               0 |            0 |
| No           | No                    | Yes                    |               0 |            0 |
| No           | Yes                   | No                     |               0 |            0 |
| Yes          | No                    | No                     |               0 |            0 |
| Yes          | No                    | Yes                    |               0 |            0 |
| Yes          | Yes                   | No                     |             209 |           45 |
+--------------+-----------------------+------------------------+-----------------+--------------+


4. Detailed Control Set Information
-----------------------------------

+----------------+-------------------+-------------------------+------------------+----------------+--------------+
|  Clock Signal  |   Enable Signal   |     Set/Reset Signal    | Slice Load Count | Bel Load Count | Bels / Slice |
+----------------+-------------------+-------------------------+------------------+----------------+--------------+
|  clk_IBUF_BUFG | v_mac_reg[0]      | rst_IBUF_inst/O         |                2 |              2 |         1.00 |
|  clk_IBUF_BUFG | rgb_in_ready_OBUF | rst_IBUF_inst/O         |                1 |              3 |         3.00 |
|  clk_IBUF_BUFG | yuv_out_reg[0]    | yuv_out_reg[15]_i_1_n_0 |                4 |              8 |         2.00 |
|  clk_IBUF_BUFG | yuv_out_reg[0]    | yuv_out_reg[23]_i_1_n_0 |                3 |              8 |         2.67 |
|  clk_IBUF_BUFG | yuv_out_reg[0]    | yuv_out_reg[7]_i_1_n_0  |                3 |              8 |         2.67 |
|  clk_IBUF_BUFG | v_mac_reg[0]      | u_mac_reg[10]_i_1_n_0   |                6 |             19 |         3.17 |
|  clk_IBUF_BUFG | v_mac_reg[0]      | v_mac_reg[10]_i_1_n_0   |                5 |             19 |         3.80 |
|  clk_IBUF_BUFG | y_mac_reg[0]      | rst_IBUF_inst/O         |                4 |             20 |         5.00 |
|  clk_IBUF_BUFG | yr_mult[0]        | rst_IBUF_inst/O         |               24 |            122 |         5.08 |
+----------------+-------------------+-------------------------+------------------+----------------+--------------+


